<?xml version="1.0" encoding="UTF-8"?>
<!-- Generated by org.testng.reporters.JUnitReportReporter -->
<testsuite hostname="Nav" failures="0" tests="8" name="com.naveenautomation.Tests.AddressBookTest" time="142.611" errors="2" timestamp="2023-01-18T14:29:24 EST" skipped="4">
  <testcase classname="com.naveenautomation.Tests.AddressBookTest" name="verifyUserIsAbleToEditAddress" time="22.958">
    <skipped/>
  </testcase> <!-- verifyUserIsAbleToEditAddress -->
  <system-out/>
  <testcase classname="com.naveenautomation.Tests.AddressBookTest" name="verifyUserIsAbleToDeleteAddress" time="6.665">
    <error message="Cannot invoke &quot;org.openqa.selenium.WebElement.click()&quot; because the return value of &quot;com.naveenautomation.Pages.AddressBookPage.getElementFromTheTable(String, String, com.naveenautomation.Pages.AddressBookPage$AddressBookEntries)&quot; is null" type="java.lang.NullPointerException">
      <![CDATA[java.lang.NullPointerException: Cannot invoke "org.openqa.selenium.WebElement.click()" because the return value of "com.naveenautomation.Pages.AddressBookPage.getElementFromTheTable(String, String, com.naveenautomation.Pages.AddressBookPage$AddressBookEntries)" is null
at com.naveenautomation.Pages.AddressBookPage.deleteAddress(AddressBookPage.java:67)
at com.naveenautomation.Tests.AddressBookTest.verifyUserIsAbleToDeleteAddress(AddressBookTest.java:57)
at java.base/jdk.internal.reflect.NativeMethodAccessorImpl.invoke0(Native Method)
at java.base/jdk.internal.reflect.NativeMethodAccessorImpl.invoke(NativeMethodAccessorImpl.java:77)
at java.base/jdk.internal.reflect.DelegatingMethodAccessorImpl.invoke(DelegatingMethodAccessorImpl.java:43)
at java.base/java.lang.reflect.Method.invoke(Method.java:568)
at org.testng.internal.MethodInvocationHelper.invokeMethod(MethodInvocationHelper.java:133)
at org.testng.internal.TestInvoker.invokeMethod(TestInvoker.java:598)
at org.testng.internal.TestInvoker.retryFailed(TestInvoker.java:213)
at org.testng.internal.MethodRunner.runInSequence(MethodRunner.java:58)
at org.testng.internal.TestInvoker$MethodInvocationAgent.invoke(TestInvoker.java:824)
at org.testng.internal.TestInvoker.invokeTestMethods(TestInvoker.java:146)
at org.testng.internal.TestMethodWorker.invokeTestMethods(TestMethodWorker.java:146)
at org.testng.internal.TestMethodWorker.run(TestMethodWorker.java:128)
at java.base/java.util.concurrent.ThreadPoolExecutor.runWorker(ThreadPoolExecutor.java:1136)
at java.base/java.util.concurrent.ThreadPoolExecutor$Worker.run(ThreadPoolExecutor.java:635)
at java.base/java.lang.Thread.run(Thread.java:833)
]]>
    </error>
  </testcase> <!-- verifyUserIsAbleToDeleteAddress -->
  <system-out/>
  <testcase classname="com.naveenautomation.Tests.AddressBookTest" name="verifyUserIsAbleToEditAddress" time="7.088">
    <error message="Cannot invoke &quot;org.openqa.selenium.WebElement.click()&quot; because the return value of &quot;com.naveenautomation.Pages.AddressBookPage.getElementFromTheTable(String, String, com.naveenautomation.Pages.AddressBookPage$AddressBookEntries)&quot; is null" type="java.lang.NullPointerException">
      <![CDATA[java.lang.NullPointerException: Cannot invoke "org.openqa.selenium.WebElement.click()" because the return value of "com.naveenautomation.Pages.AddressBookPage.getElementFromTheTable(String, String, com.naveenautomation.Pages.AddressBookPage$AddressBookEntries)" is null
at com.naveenautomation.Pages.AddressBookPage.editAddress(AddressBookPage.java:40)
at com.naveenautomation.Tests.AddressBookTest.verifyUserIsAbleToEditAddress(AddressBookTest.java:67)
at java.base/jdk.internal.reflect.NativeMethodAccessorImpl.invoke0(Native Method)
at java.base/jdk.internal.reflect.NativeMethodAccessorImpl.invoke(NativeMethodAccessorImpl.java:77)
at java.base/jdk.internal.reflect.DelegatingMethodAccessorImpl.invoke(DelegatingMethodAccessorImpl.java:43)
at java.base/java.lang.reflect.Method.invoke(Method.java:568)
at org.testng.internal.MethodInvocationHelper.invokeMethod(MethodInvocationHelper.java:133)
at org.testng.internal.TestInvoker.invokeMethod(TestInvoker.java:598)
at org.testng.internal.TestInvoker.retryFailed(TestInvoker.java:213)
at org.testng.internal.MethodRunner.runInSequence(MethodRunner.java:58)
at org.testng.internal.TestInvoker$MethodInvocationAgent.invoke(TestInvoker.java:824)
at org.testng.internal.TestInvoker.invokeTestMethods(TestInvoker.java:146)
at org.testng.internal.TestMethodWorker.invokeTestMethods(TestMethodWorker.java:146)
at org.testng.internal.TestMethodWorker.run(TestMethodWorker.java:128)
at java.base/java.util.concurrent.ThreadPoolExecutor.runWorker(ThreadPoolExecutor.java:1136)
at java.base/java.util.concurrent.ThreadPoolExecutor$Worker.run(ThreadPoolExecutor.java:635)
at java.base/java.lang.Thread.run(Thread.java:833)
]]>
    </error>
  </testcase> <!-- verifyUserIsAbleToEditAddress -->
  <system-out/>
  <testcase classname="com.naveenautomation.Tests.AddressBookTest" name="verifyUserIsAbleToEditAddress" time="25.291">
    <skipped/>
  </testcase> <!-- verifyUserIsAbleToEditAddress -->
  <system-out/>
  <testcase classname="com.naveenautomation.Tests.AddressBookTest" name="verifyUserIsAbleToDeleteAddress" time="22.490">
    <skipped/>
  </testcase> <!-- verifyUserIsAbleToDeleteAddress -->
  <system-out/>
  <testcase classname="com.naveenautomation.Tests.AddressBookTest" name="verifyUserIsAbleToDeleteAddress" time="23.027">
    <skipped/>
  </testcase> <!-- verifyUserIsAbleToDeleteAddress -->
  <system-out/>
  <testcase classname="com.naveenautomation.Tests.AddressBookTest" name="verifyUserIsAbleToGetAddress" time="9.565"/>
  <system-out/>
  <testcase classname="com.naveenautomation.Tests.AddressBookTest" name="test" time="25.527"/>
  <system-out/>
</testsuite> <!-- com.naveenautomation.Tests.AddressBookTest -->
