<?xml version="1.0" encoding="UTF-8"?>
<!-- Generated by org.testng.reporters.JUnitReportReporter -->
<testsuite hostname="Nav" failures="0" tests="3" name="com.naveenautomation.Tests.MyWishListTest" time="84.860" errors="1" timestamp="2023-01-18T14:29:24 EST" skipped="2">
  <testcase classname="com.naveenautomation.Tests.MyWishListTest" name="verifyUserIsAbleToModifyWishList" time="35.102">
    <error message="Expected condition failed: waiting for element ([[RemoteWebDriver: chrome on WINDOWS (291d76a053bb874fbe11f5144f7eb2e8)] -&gt; id: input-sort]) to be selected (tried for 10 second(s) with 500 milliseconds interval)
Build info: version: &#039;3.141.59&#039;, revision: &#039;e82be7d358&#039;, time: &#039;2018-11-14T08:17:03&#039;
System info: host: &#039;NAV&#039;, ip: &#039;10.0.0.69&#039;, os.name: &#039;Windows 11&#039;, os.arch: &#039;amd64&#039;, os.version: &#039;10.0&#039;, java.version: &#039;17.0.4.1&#039;
Driver info: com.naveenautomation.Browsers.ProxyDriver" type="org.openqa.selenium.TimeoutException">
      <![CDATA[org.openqa.selenium.TimeoutException: Expected condition failed: waiting for element ([[RemoteWebDriver: chrome on WINDOWS (291d76a053bb874fbe11f5144f7eb2e8)] -> id: input-sort]) to be selected (tried for 10 second(s) with 500 milliseconds interval)
Build info: version: '3.141.59', revision: 'e82be7d358', time: '2018-11-14T08:17:03'
System info: host: 'NAV', ip: '10.0.0.69', os.name: 'Windows 11', os.arch: 'amd64', os.version: '10.0', java.version: '17.0.4.1'
Driver info: com.naveenautomation.Browsers.ProxyDriver
at org.openqa.selenium.support.ui.WebDriverWait.timeoutException(WebDriverWait.java:95)
at org.openqa.selenium.support.ui.FluentWait.until(FluentWait.java:272)
at com.naveenautomation.Browsers.ProxyDriver.waitForElementToBeSelectable(ProxyDriver.java:205)
at com.naveenautomation.Browsers.ProxyDriver.selectFromDropDown(ProxyDriver.java:166)
at com.naveenautomation.Pages.LaptopsAndNotebooksPage.sortProductsByHighestRating(LaptopsAndNotebooksPage.java:32)
at com.naveenautomation.Tests.MyWishListTest.verifyUserIsAbleToModifyWishList(MyWishListTest.java:48)
at java.base/jdk.internal.reflect.NativeMethodAccessorImpl.invoke0(Native Method)
at java.base/jdk.internal.reflect.NativeMethodAccessorImpl.invoke(NativeMethodAccessorImpl.java:77)
at java.base/jdk.internal.reflect.DelegatingMethodAccessorImpl.invoke(DelegatingMethodAccessorImpl.java:43)
at java.base/java.lang.reflect.Method.invoke(Method.java:568)
at org.testng.internal.MethodInvocationHelper.invokeMethod(MethodInvocationHelper.java:133)
at org.testng.internal.TestInvoker.invokeMethod(TestInvoker.java:598)
at org.testng.internal.TestInvoker.retryFailed(TestInvoker.java:213)
at org.testng.internal.MethodRunner.runInSequence(MethodRunner.java:58)
at org.testng.internal.TestInvoker$MethodInvocationAgent.invoke(TestInvoker.java:824)
at org.testng.internal.TestInvoker.invokeTestMethods(TestInvoker.java:146)
at org.testng.internal.TestMethodWorker.invokeTestMethods(TestMethodWorker.java:146)
at org.testng.internal.TestMethodWorker.run(TestMethodWorker.java:128)
at java.base/java.util.concurrent.ThreadPoolExecutor.runWorker(ThreadPoolExecutor.java:1136)
at java.base/java.util.concurrent.ThreadPoolExecutor$Worker.run(ThreadPoolExecutor.java:635)
at java.base/java.lang.Thread.run(Thread.java:833)
]]>
    </error>
  </testcase> <!-- verifyUserIsAbleToModifyWishList -->
  <system-out/>
  <testcase classname="com.naveenautomation.Tests.MyWishListTest" name="verifyUserIsAbleToModifyWishList" time="16.965">
    <skipped/>
  </testcase> <!-- verifyUserIsAbleToModifyWishList -->
  <system-out/>
  <testcase classname="com.naveenautomation.Tests.MyWishListTest" name="verifyUserIsAbleToModifyWishList" time="32.793">
    <skipped/>
  </testcase> <!-- verifyUserIsAbleToModifyWishList -->
  <system-out/>
</testsuite> <!-- com.naveenautomation.Tests.MyWishListTest -->
